app/build/outputs/logs/manifest-merger-debug-report.txt
-- Merging decision tree log ---
manifest
ADDED from src\main\AndroidManifest.xml:2:1-40:12
INJECTED from src\main\AndroidManifest.xml:2:1-40:12
INJECTED from src\main\AndroidManifest.xml:2:1-40:12
INJECTED from src\main\AndroidManifest.xml:2:1-40:12
MERGED from [androidx.databinding:databinding-adapters:3.4.1] AndroidManifest.xml:17:1-24:12
MERGED from [androidx.databinding:databinding-runtime:3.4.1] AndroidManifest.xml:17:1-24:12
MERGED from [androidx.navigation:navigation-ui:2.0.0] AndroidManifest.xml:17:1-22:12
MERGED from [com.google.android.material:material:1.2.0-alpha03] AndroidManifest.xml:17:1-24:12
MERGED from [androidx.appcompat:appcompat:1.1.0] AndroidManifest.xml:17:1-24:12
MERGED from [androidx.constraintlayout:constraintlayout:1.1.3] AndroidManifest.xml:2:1-11:12
MERGED from [com.github.yukuku:ambilwarna:2.0.1] AndroidManifest.xml:2:1-12:12
MERGED from [com.google.firebase:firebase-database:19.2.0] AndroidManifest.xml:15:1-38:12
MERGED from [androidx.legacy:legacy-support-v4:1.0.0] AndroidManifest.xml:17:1-22:12
MERGED from [androidx.navigation:navigation-fragment:2.0.0] AndroidManifest.xml:17:1-22:12
MERGED from [androidx.lifecycle:lifecycle-extensions:2.0.0] AndroidManifest.xml:17:1-25:12
MERGED from [com.google.firebase:firebase-auth:19.2.0] AndroidManifest.xml:17:1-42:12
MERGED from [com.google.android.gms:play-services-auth:17.0.0] AndroidManifest.xml:17:1-39:12
MERGED from [androidx.viewpager2:viewpager2:1.0.0] AndroidManifest.xml:17:1-24:12
MERGED from [com.google.firebase:firebase-auth-interop:19.0.0] AndroidManifest.xml:2:1-10:12
MERGED from [com.google.android.gms:play-services-auth-api-phone:17.0.0] AndroidManifest.xml:2:1-7:12
MERGED from [com.google.android.gms:play-services-auth-base:17.0.0] AndroidManifest.xml:2:1-7:12
MERGED from [com.google.android.gms:play-services-base:17.1.0] AndroidManifest.xml:17:1-29:12
MERGED from [com.google.firebase:firebase-common:19.3.0] AndroidManifest.xml:15:1-39:12
MERGED from [com.google.android.gms:play-services-tasks:17.0.0] AndroidManifest.xml:2:1-9:12
MERGED from [com.google.android.gms:play-services-basement:17.0.0] AndroidManifest.xml:17:1-28:12
MERGED from [androidx.fragment:fragment:1.1.0] AndroidManifest.xml:17:1-24:12
MERGED from [androidx.appcompat:appcompat-resources:1.1.0] AndroidManifest.xml:17:1-24:12
MERGED from [androidx.legacy:legacy-support-core-ui:1.0.0] AndroidManifest.xml:17:1-22:12
MERGED from [androidx.drawerlayout:drawerlayout:1.0.0] AndroidManifest.xml:17:1-22:12
MERGED from [androidx.coordinatorlayout:coordinatorlayout:1.1.0] AndroidManifest.xml:17:1-24:12
MERGED from [androidx.transition:transition:1.2.0] AndroidManifest.xml:17:1-24:12
MERGED from [androidx.vectordrawable:vectordrawable-animated:1.1.0] AndroidManifest.xml:17:1-24:12
MERGED from [androidx.vectordrawable:vectordrawable:1.1.0] AndroidManifest.xml:17:1-24:12
MERGED from [androidx.media:media:1.0.0] AndroidManifest.xml:17:1-22:12
MERGED from [androidx.navigation:navigation-runtime:2.0.0] AndroidManifest.xml:17:1-22:12
MERGED from [androidx.legacy:legacy-support-core-utils:1.0.0] AndroidManifest.xml:17:1-22:12
MERGED from [androidx.loader:loader:1.0.0] AndroidManifest.xml:17:1-22:12
MERGED from [androidx.viewpager:viewpager:1.0.0] AndroidManifest.xml:17:1-22:12
MERGED from [androidx.activity:activity:1.0.0] AndroidManifest.xml:17:1-24:12
MERGED from [androidx.recyclerview:recyclerview:1.1.0] AndroidManifest.xml:17:1-24:12
MERGED from [androidx.slidingpanelayout:slidingpanelayout:1.0.0] AndroidManifest.xml:17:1-22:12
MERGED from [androidx.customview:customview:1.0.0] AndroidManifest.xml:17:1-22:12
MERGED from [androidx.swiperefreshlayout:swiperefreshlayout:1.0.0] AndroidManifest.xml:17:1-22:12
MERGED from [androidx.asynclayoutinflater:asynclayoutinflater:1.0.0] AndroidManifest.xml:17:1-22:12
MERGED from [androidx.navigation:navigation-common:2.0.0] AndroidManifest.xml:17:1-22:12
MERGED from [androidx.core:core:1.1.0] AndroidManifest.xml:17:1-26:12
MERGED from [androidx.lifecycle:lifecycle-process:2.0.0] AndroidManifest.xml:17:1-30:12
MERGED from [androidx.lifecycle:lifecycle-service:2.0.0] AndroidManifest.xml:17:1-22:12
MERGED from [androidx.lifecycle:lifecycle-runtime:2.1.0] AndroidManifest.xml:17:1-22:12
MERGED from [androidx.versionedparcelable:versionedparcelable:1.1.0] AndroidManifest.xml:17:1-27:12
MERGED from [androidx.cursoradapter:cursoradapter:1.0.0] AndroidManifest.xml:17:1-22:12
MERGED from [androidx.cardview:cardview:1.0.0] AndroidManifest.xml:17:1-22:12
MERGED from [androidx.lifecycle:lifecycle-livedata:2.0.0] AndroidManifest.xml:17:1-22:12
MERGED from [androidx.lifecycle:lifecycle-livedata-core:2.0.0] AndroidManifest.xml:17:1-22:12
MERGED from [androidx.arch.core:core-runtime:2.0.0] AndroidManifest.xml:17:1-22:12
MERGED from [androidx.localbroadcastmanager:localbroadcastmanager:1.0.0] AndroidManifest.xml:17:1-22:12
MERGED from [com.google.firebase:firebase-components:16.0.0] AndroidManifest.xml:15:1-23:12
MERGED from [androidx.documentfile:documentfile:1.0.0] AndroidManifest.xml:17:1-22:12
MERGED from [androidx.print:print:1.0.0] AndroidManifest.xml:17:1-22:12
MERGED from [androidx.interpolator:interpolator:1.0.0] AndroidManifest.xml:17:1-22:12
MERGED from [androidx.lifecycle:lifecycle-viewmodel:2.1.0] AndroidManifest.xml:17:1-22:12
MERGED from [androidx.savedstate:savedstate:1.0.0] AndroidManifest.xml:17:1-24:12
MERGED from [androidx.annotation:annotation-experimental:1.0.0] AndroidManifest.xml:17:1-24:12
MERGED from [com.google.firebase:firebase-database-collection:17.0.0] AndroidManifest.xml:2:1-7:12
INJECTED from src\main\AndroidManifest.xml:2:1-40:12
INJECTED from src\main\AndroidManifest.xml:2:1-40:12
INJECTED from src\main\AndroidManifest.xml:2:1-40:12
	package
		ADDED from src\main\AndroidManifest.xml:3:5-31
		INJECTED from src\main\AndroidManifest.xml
		INJECTED from src\main\AndroidManifest.xml
	android:versionName
		INJECTED from src\main\AndroidManifest.xml
		ADDED from src\main\AndroidManifest.xml:2:1-40:12
		INJECTED from src\main\AndroidManifest.xml
	android:versionCode
		INJECTED from src\main\AndroidManifest.xml
		ADDED from src\main\AndroidManifest.xml:2:1-40:12
		INJECTED from src\main\AndroidManifest.xml
	xmlns:android
		ADDED from src\main\AndroidManifest.xml:2:11-69
uses-permission#android.permission.READ_EXTERNAL_STORAGE
ADDED from src\main\AndroidManifest.xml:5:5-80
	android:name
		ADDED from src\main\AndroidManifest.xml:5:22-77
application
ADDED from src\main\AndroidManifest.xml:7:5-38:19
MERGED from [com.google.android.material:material:1.2.0-alpha03] AndroidManifest.xml:22:5-20
MERGED from [com.google.android.material:material:1.2.0-alpha03] AndroidManifest.xml:22:5-20
MERGED from [androidx.constraintlayout:constraintlayout:1.1.3] AndroidManifest.xml:9:5-20
MERGED from [androidx.constraintlayout:constraintlayout:1.1.3] AndroidManifest.xml:9:5-20
MERGED from [com.google.firebase:firebase-database:19.2.0] AndroidManifest.xml:28:5-36:19
MERGED from [com.google.firebase:firebase-database:19.2.0] AndroidManifest.xml:28:5-36:19
MERGED from [androidx.lifecycle:lifecycle-extensions:2.0.0] AndroidManifest.xml:22:5-23:19
MERGED from [androidx.lifecycle:lifecycle-extensions:2.0.0] AndroidManifest.xml:22:5-23:19
MERGED from [com.google.firebase:firebase-auth:19.2.0] AndroidManifest.xml:23:5-40:19
MERGED from [com.google.firebase:firebase-auth:19.2.0] AndroidManifest.xml:23:5-40:19
MERGED from [com.google.android.gms:play-services-auth:17.0.0] AndroidManifest.xml:22:5-37:19
MERGED from [com.google.android.gms:play-services-auth:17.0.0] AndroidManifest.xml:22:5-37:19
MERGED from [com.google.firebase:firebase-auth-interop:19.0.0] AndroidManifest.xml:7:5-8:19
MERGED from [com.google.firebase:firebase-auth-interop:19.0.0] AndroidManifest.xml:7:5-8:19
MERGED from [com.google.android.gms:play-services-base:17.1.0] AndroidManifest.xml:22:5-27:19
MERGED from [com.google.android.gms:play-services-base:17.1.0] AndroidManifest.xml:22:5-27:19
MERGED from [com.google.firebase:firebase-common:19.3.0] AndroidManifest.xml:25:5-37:19
MERGED from [com.google.firebase:firebase-common:19.3.0] AndroidManifest.xml:25:5-37:19
MERGED from [com.google.android.gms:play-services-tasks:17.0.0] AndroidManifest.xml:7:5-20
MERGED from [com.google.android.gms:play-services-tasks:17.0.0] AndroidManifest.xml:7:5-20
MERGED from [com.google.android.gms:play-services-basement:17.0.0] AndroidManifest.xml:22:5-26:19
MERGED from [com.google.android.gms:play-services-basement:17.0.0] AndroidManifest.xml:22:5-26:19
MERGED from [androidx.core:core:1.1.0] AndroidManifest.xml:24:5-89
MERGED from [androidx.core:core:1.1.0] AndroidManifest.xml:24:5-89
MERGED from [androidx.lifecycle:lifecycle-process:2.0.0] AndroidManifest.xml:22:5-28:19
MERGED from [androidx.lifecycle:lifecycle-process:2.0.0] AndroidManifest.xml:22:5-28:19
MERGED from [androidx.versionedparcelable:versionedparcelable:1.1.0] AndroidManifest.xml:24:5-25:19
MERGED from [androidx.versionedparcelable:versionedparcelable:1.1.0] AndroidManifest.xml:24:5-25:19
	android:appComponentFactory
		ADDED from [androidx.core:core:1.1.0] AndroidManifest.xml:24:18-86
	android:supportsRtl
		ADDED from src\main\AndroidManifest.xml:12:9-35
	android:label
		ADDED from src\main\AndroidManifest.xml:10:9-41
	android:roundIcon
		ADDED from src\main\AndroidManifest.xml:11:9-54
	android:icon
		ADDED from src\main\AndroidManifest.xml:9:9-43
	android:allowBackup
		ADDED from src\main\AndroidManifest.xml:8:9-35
	android:theme
		ADDED from src\main\AndroidManifest.xml:13:9-40
activity#com.fyp.appmaker.Functionality.UserApp_SplashScreen
ADDED from src\main\AndroidManifest.xml:14:9-81
	android:name
		ADDED from src\main\AndroidManifest.xml:14:19-69
activity#com.fyp.appmaker.Functionality.Template1new
ADDED from src\main\AndroidManifest.xml:15:9-17:59
	android:theme
		ADDED from src\main\AndroidManifest.xml:17:13-56
	android:name
		ADDED from src\main\AndroidManifest.xml:16:13-55
activity#com.fyp.appmaker.Functionality.Template2
ADDED from src\main\AndroidManifest.xml:18:9-61
	android:name
		ADDED from src\main\AndroidManifest.xml:18:19-58
activity#com.fyp.appmaker.Functionality.Template1
ADDED from src\main\AndroidManifest.xml:19:9-22:59
	android:label
		ADDED from src\main\AndroidManifest.xml:21:13-61
	android:theme
		ADDED from src\main\AndroidManifest.xml:22:13-56
	android:name
		ADDED from src\main\AndroidManifest.xml:20:13-52
activity#com.fyp.appmaker.Functionality.ChooseTemplate
ADDED from src\main\AndroidManifest.xml:23:9-66
	android:name
		ADDED from src\main\AndroidManifest.xml:23:19-63
activity#com.fyp.appmaker.Functionality.UserMainScreen
ADDED from src\main\AndroidManifest.xml:24:9-27:59
	android:label
		ADDED from src\main\AndroidManifest.xml:26:13-68
	android:theme
		ADDED from src\main\AndroidManifest.xml:27:13-56
	android:name
		ADDED from src\main\AndroidManifest.xml:25:13-57
activity#com.fyp.appmaker.Authenticaiton.SignUpActivity
ADDED from src\main\AndroidManifest.xml:28:9-67
	android:name
		ADDED from src\main\AndroidManifest.xml:28:19-64
activity#com.fyp.appmaker.Authenticaiton.LoginActivity
ADDED from src\main\AndroidManifest.xml:29:9-66
	android:name
		ADDED from src\main\AndroidManifest.xml:29:19-63
activity#com.fyp.appmaker.Splash.SplashActivity
ADDED from src\main\AndroidManifest.xml:30:9-36:20
	android:name
		ADDED from src\main\AndroidManifest.xml:30:19-56
intent-filter#action:name:android.intent.action.MAIN+category:name:android.intent.category.LAUNCHER
ADDED from src\main\AndroidManifest.xml:31:13-35:29
action#android.intent.action.MAIN
ADDED from src\main\AndroidManifest.xml:32:17-69
	android:name
		ADDED from src\main\AndroidManifest.xml:32:25-66
category#android.intent.category.LAUNCHER
ADDED from src\main\AndroidManifest.xml:34:17-77
	android:name
		ADDED from src\main\AndroidManifest.xml:34:27-74
activity#com.fyp.appmaker.MainActivity
ADDED from src\main\AndroidManifest.xml:37:9-50
	android:name
		ADDED from src\main\AndroidManifest.xml:37:19-47
uses-sdk
INJECTED from src\main\AndroidManifest.xml reason: use-sdk injection requested
INJECTED from src\main\AndroidManifest.xml
INJECTED from src\main\AndroidManifest.xml
MERGED from [androidx.databinding:databinding-adapters:3.4.1] AndroidManifest.xml:22:5-44
MERGED from [androidx.databinding:databinding-adapters:3.4.1] AndroidManifest.xml:22:5-44
MERGED from [androidx.databinding:databinding-runtime:3.4.1] AndroidManifest.xml:22:5-44
MERGED from [androidx.databinding:databinding-runtime:3.4.1] AndroidManifest.xml:22:5-44
MERGED from [androidx.navigation:navigation-ui:2.0.0] AndroidManifest.xml:20:5-44
MERGED from [androidx.navigation:navigation-ui:2.0.0] AndroidManifest.xml:20:5-44
MERGED from [com.google.android.material:material:1.2.0-alpha03] AndroidManifest.xml:20:5-44
MERGED from [com.google.android.material:material:1.2.0-alpha03] AndroidManifest.xml:20:5-44
MERGED from [androidx.appcompat:appcompat:1.1.0] AndroidManifest.xml:20:5-22:41
MERGED from [androidx.appcompat:appcompat:1.1.0] AndroidManifest.xml:20:5-22:41
MERGED from [androidx.constraintlayout:constraintlayout:1.1.3] AndroidManifest.xml:5:5-7:41
MERGED from [androidx.constraintlayout:constraintlayout:1.1.3] AndroidManifest.xml:5:5-7:41
MERGED from [com.github.yukuku:ambilwarna:2.0.1] AndroidManifest.xml:8:5-10:41
MERGED from [com.github.yukuku:ambilwarna:2.0.1] AndroidManifest.xml:8:5-10:41
MERGED from [com.google.firebase:firebase-database:19.2.0] AndroidManifest.xml:19:5-21:41
MERGED from [com.google.firebase:firebase-database:19.2.0] AndroidManifest.xml:19:5-21:41
MERGED from [androidx.legacy:legacy-support-v4:1.0.0] AndroidManifest.xml:20:5-44
MERGED from [androidx.legacy:legacy-support-v4:1.0.0] AndroidManifest.xml:20:5-44
MERGED from [androidx.navigation:navigation-fragment:2.0.0] AndroidManifest.xml:20:5-44
MERGED from [androidx.navigation:navigation-fragment:2.0.0] AndroidManifest.xml:20:5-44
MERGED from [androidx.lifecycle:lifecycle-extensions:2.0.0] AndroidManifest.xml:20:5-44
MERGED from [androidx.lifecycle:lifecycle-extensions:2.0.0] AndroidManifest.xml:20:5-44
MERGED from [com.google.firebase:firebase-auth:19.2.0] AndroidManifest.xml:21:5-44
MERGED from [com.google.firebase:firebase-auth:19.2.0] AndroidManifest.xml:21:5-44
MERGED from [com.google.android.gms:play-services-auth:17.0.0] AndroidManifest.xml:20:5-44
MERGED from [com.google.android.gms:play-services-auth:17.0.0] AndroidManifest.xml:20:5-44
MERGED from [androidx.viewpager2:viewpager2:1.0.0] AndroidManifest.xml:20:5-22:41
MERGED from [androidx.viewpager2:viewpager2:1.0.0] AndroidManifest.xml:20:5-22:41
MERGED from [com.google.firebase:firebase-auth-interop:19.0.0] AndroidManifest.xml:5:5-44
MERGED from [com.google.firebase:firebase-auth-interop:19.0.0] AndroidManifest.xml:5:5-44
MERGED from [com.google.android.gms:play-services-auth-api-phone:17.0.0] AndroidManifest.xml:5:5-44
MERGED from [com.google.android.gms:play-services-auth-api-phone:17.0.0] AndroidManifest.xml:5:5-44
MERGED from [com.google.android.gms:play-services-auth-base:17.0.0] AndroidManifest.xml:5:5-44
MERGED from [com.google.android.gms:play-services-auth-base:17.0.0] AndroidManifest.xml:5:5-44
MERGED from [com.google.android.gms:play-services-base:17.1.0] AndroidManifest.xml:20:5-44
MERGED from [com.google.android.gms:play-services-base:17.1.0] AndroidManifest.xml:20:5-44
MERGED from [com.google.firebase:firebase-common:19.3.0] AndroidManifest.xml:20:5-22:41
MERGED from [com.google.firebase:firebase-common:19.3.0] AndroidManifest.xml:20:5-22:41
MERGED from [com.google.android.gms:play-services-tasks:17.0.0] AndroidManifest.xml:5:5-44
MERGED from [com.google.android.gms:play-services-tasks:17.0.0] AndroidManifest.xml:5:5-44
MERGED from [com.google.android.gms:play-services-basement:17.0.0] AndroidManifest.xml:20:5-44
MERGED from [com.google.android.gms:play-services-basement:17.0.0] AndroidManifest.xml:20:5-44
MERGED from [androidx.fragment:fragment:1.1.0] AndroidManifest.xml:20:5-22:41
MERGED from [androidx.fragment:fragment:1.1.0] AndroidManifest.xml:20:5-22:41
MERGED from [androidx.appcompat:appcompat-resources:1.1.0] AndroidManifest.xml:20:5-22:41
MERGED from [androidx.appcompat:appcompat-resources:1.1.0] AndroidManifest.xml:20:5-22:41
MERGED from [androidx.legacy:legacy-support-core-ui:1.0.0] AndroidManifest.xml:20:5-44
MERGED from [androidx.legacy:legacy-support-core-ui:1.0.0] AndroidManifest.xml:20:5-44
MERGED from [androidx.drawerlayout:drawerlayout:1.0.0] AndroidManifest.xml:20:5-44
MERGED from [androidx.drawerlayout:drawerlayout:1.0.0] AndroidManifest.xml:20:5-44
MERGED from [androidx.coordinatorlayout:coordinatorlayout:1.1.0] AndroidManifest.xml:20:5-22:41
MERGED from [androidx.coordinatorlayout:coordinatorlayout:1.1.0] AndroidManifest.xml:20:5-22:41
MERGED from [androidx.transition:transition:1.2.0] AndroidManifest.xml:20:5-22:41
MERGED from [androidx.transition:transition:1.2.0] AndroidManifest.xml:20:5-22:41
MERGED from [androidx.vectordrawable:vectordrawable-animated:1.1.0] AndroidManifest.xml:20:5-22:41
MERGED from [androidx.vectordrawable:vectordrawable-animated:1.1.0] AndroidManifest.xml:20:5-22:41
MERGED from [androidx.vectordrawable:vectordrawable:1.1.0] AndroidManifest.xml:20:5-22:41
MERGED from [androidx.vectordrawable:vectordrawable:1.1.0] AndroidManifest.xml:20:5-22:41
MERGED from [androidx.media:media:1.0.0] AndroidManifest.xml:20:5-44
MERGED from [androidx.media:media:1.0.0] AndroidManifest.xml:20:5-44
MERGED from [androidx.navigation:navigation-runtime:2.0.0] AndroidManifest.xml:20:5-44
MERGED from [androidx.navigation:navigation-runtime:2.0.0] AndroidManifest.xml:20:5-44
MERGED from [androidx.legacy:legacy-support-core-utils:1.0.0] AndroidManifest.xml:20:5-44
MERGED from [androidx.legacy:legacy-support-core-utils:1.0.0] AndroidManifest.xml:20:5-44
MERGED from [androidx.loader:loader:1.0.0] AndroidManifest.xml:20:5-44
MERGED from [androidx.loader:loader:1.0.0] AndroidManifest.xml:20:5-44
MERGED from [androidx.viewpager:viewpager:1.0.0] AndroidManifest.xml:20:5-44
MERGED from [androidx.viewpager:viewpager:1.0.0] AndroidManifest.xml:20:5-44
MERGED from [androidx.activity:activity:1.0.0] AndroidManifest.xml:20:5-22:41
MERGED from [androidx.activity:activity:1.0.0] AndroidManifest.xml:20:5-22:41
MERGED from [androidx.recyclerview:recyclerview:1.1.0] AndroidManifest.xml:20:5-22:41
MERGED from [androidx.recyclerview:recyclerview:1.1.0] AndroidManifest.xml:20:5-22:41
MERGED from [androidx.slidingpanelayout:slidingpanelayout:1.0.0] AndroidManifest.xml:20:5-44
MERGED from [androidx.slidingpanelayout:slidingpanelayout:1.0.0] AndroidManifest.xml:20:5-44
MERGED from [androidx.customview:customview:1.0.0] AndroidManifest.xml:20:5-44
MERGED from [androidx.customview:customview:1.0.0] AndroidManifest.xml:20:5-44
MERGED from [androidx.swiperefreshlayout:swiperefreshlayout:1.0.0] AndroidManifest.xml:20:5-44
MERGED from [androidx.swiperefreshlayout:swiperefreshlayout:1.0.0] AndroidManifest.xml:20:5-44
MERGED from [androidx.asynclayoutinflater:asynclayoutinflater:1.0.0] AndroidManifest.xml:20:5-44
MERGED from [androidx.asynclayoutinflater:asynclayoutinflater:1.0.0] AndroidManifest.xml:20:5-44
MERGED from [androidx.navigation:navigation-common:2.0.0] AndroidManifest.xml:20:5-44
MERGED from [androidx.navigation:navigation-common:2.0.0] AndroidManifest.xml:20:5-44
MERGED from [androidx.core:core:1.1.0] AndroidManifest.xml:20:5-22:41
MERGED from [androidx.core:core:1.1.0] AndroidManifest.xml:20:5-22:41
MERGED from [androidx.lifecycle:lifecycle-process:2.0.0] AndroidManifest.xml:20:5-44
MERGED from [androidx.lifecycle:lifecycle-process:2.0.0] AndroidManifest.xml:20:5-44
MERGED from [androidx.lifecycle:lifecycle-service:2.0.0] AndroidManifest.xml:20:5-44
MERGED from [androidx.lifecycle:lifecycle-service:2.0.0] AndroidManifest.xml:20:5-44
MERGED from [androidx.lifecycle:lifecycle-runtime:2.1.0] AndroidManifest.xml:20:5-44
MERGED from [androidx.lifecycle:lifecycle-runtime:2.1.0] AndroidManifest.xml:20:5-44
MERGED from [androidx.versionedparcelable:versionedparcelable:1.1.0] AndroidManifest.xml:20:5-22:41
MERGED from [androidx.versionedparcelable:versionedparcelable:1.1.0] AndroidManifest.xml:20:5-22:41
MERGED from [androidx.cursoradapter:cursoradapter:1.0.0] AndroidManifest.xml:20:5-44
MERGED from [androidx.cursoradapter:cursoradapter:1.0.0] AndroidManifest.xml:20:5-44
MERGED from [androidx.cardview:cardview:1.0.0] AndroidManifest.xml:20:5-44
MERGED from [androidx.cardview:cardview:1.0.0] AndroidManifest.xml:20:5-44
MERGED from [androidx.lifecycle:lifecycle-livedata:2.0.0] AndroidManifest.xml:20:5-44
MERGED from [androidx.lifecycle:lifecycle-livedata:2.0.0] AndroidManifest.xml:20:5-44
MERGED from [androidx.lifecycle:lifecycle-livedata-core:2.0.0] AndroidManifest.xml:20:5-44
MERGED from [androidx.lifecycle:lifecycle-livedata-core:2.0.0] AndroidManifest.xml:20:5-44
MERGED from [androidx.arch.core:core-runtime:2.0.0] AndroidManifest.xml:20:5-44
MERGED from [androidx.arch.core:core-runtime:2.0.0] AndroidManifest.xml:20:5-44
MERGED from [androidx.localbroadcastmanager:localbroadcastmanager:1.0.0] AndroidManifest.xml:20:5-44
MERGED from [androidx.localbroadcastmanager:localbroadcastmanager:1.0.0] AndroidManifest.xml:20:5-44
MERGED from [com.google.firebase:firebase-components:16.0.0] AndroidManifest.xml:19:5-21:41
MERGED from [com.google.firebase:firebase-components:16.0.0] AndroidManifest.xml:19:5-21:41
MERGED from [androidx.documentfile:documentfile:1.0.0] AndroidManifest.xml:20:5-44
MERGED from [androidx.documentfile:documentfile:1.0.0] AndroidManifest.xml:20:5-44
MERGED from [androidx.print:print:1.0.0] AndroidManifest.xml:20:5-44
MERGED from [androidx.print:print:1.0.0] AndroidManifest.xml:20:5-44
MERGED from [androidx.interpolator:interpolator:1.0.0] AndroidManifest.xml:20:5-44
MERGED from [androidx.interpolator:interpolator:1.0.0] AndroidManifest.xml:20:5-44
MERGED from [androidx.lifecycle:lifecycle-viewmodel:2.1.0] AndroidManifest.xml:20:5-44
MERGED from [androidx.lifecycle:lifecycle-viewmodel:2.1.0] AndroidManifest.xml:20:5-44
MERGED from [androidx.savedstate:savedstate:1.0.0] AndroidManifest.xml:20:5-22:41
MERGED from [androidx.savedstate:savedstate:1.0.0] AndroidManifest.xml:20:5-22:41
MERGED from [androidx.annotation:annotation-experimental:1.0.0] AndroidManifest.xml:20:5-22:41
MERGED from [androidx.annotation:annotation-experimental:1.0.0] AndroidManifest.xml:20:5-22:41
MERGED from [com.google.firebase:firebase-database-collection:17.0.0] AndroidManifest.xml:5:5-44
MERGED from [com.google.firebase:firebase-database-collection:17.0.0] AndroidManifest.xml:5:5-44
INJECTED from src\main\AndroidManifest.xml
INJECTED from src\main\AndroidManifest.xml
	android:targetSdkVersion
		INJECTED from src\main\AndroidManifest.xml
		ADDED from src\main\AndroidManifest.xml
		INJECTED from src\main\AndroidManifest.xml
	android:minSdkVersion
		INJECTED from src\main\AndroidManifest.xml
		ADDED from src\main\AndroidManifest.xml
		INJECTED from src\main\AndroidManifest.xml
uses-permission#android.permission.ACCESS_NETWORK_STATE
ADDED from [com.google.firebase:firebase-database:19.2.0] AndroidManifest.xml:25:5-79
	android:name
		ADDED from [com.google.firebase:firebase-database:19.2.0] AndroidManifest.xml:25:22-76
uses-permission#android.permission.INTERNET
ADDED from [com.google.firebase:firebase-database:19.2.0] AndroidManifest.xml:26:5-67
	android:name
		ADDED from [com.google.firebase:firebase-database:19.2.0] AndroidManifest.xml:26:22-64
service#com.google.firebase.components.ComponentDiscoveryService
ADDED from [com.google.firebase:firebase-database:19.2.0] AndroidManifest.xml:29:9-35:19
MERGED from [com.google.firebase:firebase-auth:19.2.0] AndroidManifest.xml:33:9-39:19
MERGED from [com.google.firebase:firebase-auth:19.2.0] AndroidManifest.xml:33:9-39:19
MERGED from [com.google.firebase:firebase-common:19.3.0] AndroidManifest.xml:32:9-36:35
MERGED from [com.google.firebase:firebase-common:19.3.0] AndroidManifest.xml:32:9-36:35
	android:exported
		ADDED from [com.google.firebase:firebase-database:19.2.0] AndroidManifest.xml:31:13-37
	tools:targetApi
		ADDED from [com.google.firebase:firebase-common:19.3.0] AndroidManifest.xml:36:13-32
	android:directBootAware
		ADDED from [com.google.firebase:firebase-common:19.3.0] AndroidManifest.xml:34:13-43
	android:name
		ADDED from [com.google.firebase:firebase-database:19.2.0] AndroidManifest.xml:30:13-84
meta-data#com.google.firebase.components:com.google.firebase.database.DatabaseRegistrar
ADDED from [com.google.firebase:firebase-database:19.2.0] AndroidManifest.xml:32:13-34:85
	android:value
		ADDED from [com.google.firebase:firebase-database:19.2.0] AndroidManifest.xml:34:17-82
	android:name
		ADDED from [com.google.firebase:firebase-database:19.2.0] AndroidManifest.xml:33:17-109
activity#com.google.firebase.auth.internal.FederatedSignInActivity
ADDED from [com.google.firebase:firebase-auth:19.2.0] AndroidManifest.xml:24:9-31:50
	android:excludeFromRecents
		ADDED from [com.google.firebase:firebase-auth:19.2.0] AndroidManifest.xml:26:13-46
	android:launchMode
		ADDED from [com.google.firebase:firebase-auth:19.2.0] AndroidManifest.xml:28:13-44
	android:exported
		ADDED from [com.google.firebase:firebase-auth:19.2.0] AndroidManifest.xml:27:13-36
	android:permission
		ADDED from [com.google.firebase:firebase-auth:19.2.0] AndroidManifest.xml:29:13-102
	android:theme
		ADDED from [com.google.firebase:firebase-auth:19.2.0] AndroidManifest.xml:30:13-72
	tools:replace
		ADDED from [com.google.firebase:firebase-auth:19.2.0] AndroidManifest.xml:31:13-47
	android:name
		ADDED from [com.google.firebase:firebase-auth:19.2.0] AndroidManifest.xml:25:13-85
meta-data#com.google.firebase.components:com.google.firebase.auth.FirebaseAuthRegistrar
ADDED from [com.google.firebase:firebase-auth:19.2.0] AndroidManifest.xml:36:13-38:85
	android:value
		ADDED from [com.google.firebase:firebase-auth:19.2.0] AndroidManifest.xml:38:17-82
	android:name
		ADDED from [com.google.firebase:firebase-auth:19.2.0] AndroidManifest.xml:37:17-109
activity#com.google.android.gms.auth.api.signin.internal.SignInHubActivity
ADDED from [com.google.android.gms:play-services-auth:17.0.0] AndroidManifest.xml:23:9-27:75
	android:excludeFromRecents
		ADDED from [com.google.android.gms:play-services-auth:17.0.0] AndroidManifest.xml:25:13-46
	android:exported
		ADDED from [com.google.android.gms:play-services-auth:17.0.0] AndroidManifest.xml:26:13-37
	android:theme
		ADDED from [com.google.android.gms:play-services-auth:17.0.0] AndroidManifest.xml:27:13-72
	android:name
		ADDED from [com.google.android.gms:play-services-auth:17.0.0] AndroidManifest.xml:24:13-93
service#com.google.android.gms.auth.api.signin.RevocationBoundService
ADDED from [com.google.android.gms:play-services-auth:17.0.0] AndroidManifest.xml:33:9-36:110
	android:exported
		ADDED from [com.google.android.gms:play-services-auth:17.0.0] AndroidManifest.xml:35:13-36
	android:permission
		ADDED from [com.google.android.gms:play-services-auth:17.0.0] AndroidManifest.xml:36:13-107
	android:name
		ADDED from [com.google.android.gms:play-services-auth:17.0.0] AndroidManifest.xml:34:13-89
activity#com.google.android.gms.common.api.GoogleApiActivity
ADDED from [com.google.android.gms:play-services-base:17.1.0] AndroidManifest.xml:23:9-26:75
	android:exported
		ADDED from [com.google.android.gms:play-services-base:17.1.0] AndroidManifest.xml:25:13-37
	android:theme
		ADDED from [com.google.android.gms:play-services-base:17.1.0] AndroidManifest.xml:26:13-72
	android:name
		ADDED from [com.google.android.gms:play-services-base:17.1.0] AndroidManifest.xml:24:13-79
provider#com.google.firebase.provider.FirebaseInitProvider
ADDED from [com.google.firebase:firebase-common:19.3.0] AndroidManifest.xml:26:9-30:39
	android:authorities
		ADDED from [com.google.firebase:firebase-common:19.3.0] AndroidManifest.xml:28:13-72
	android:exported
		ADDED from [com.google.firebase:firebase-common:19.3.0] AndroidManifest.xml:29:13-37
	android:initOrder
		ADDED from [com.google.firebase:firebase-common:19.3.0] AndroidManifest.xml:30:13-36
	android:name
		ADDED from [com.google.firebase:firebase-common:19.3.0] AndroidManifest.xml:27:13-77
meta-data#com.google.android.gms.version
ADDED from [com.google.android.gms:play-services-basement:17.0.0] AndroidManifest.xml:23:9-25:69
	android:value
		ADDED from [com.google.android.gms:play-services-basement:17.0.0] AndroidManifest.xml:25:13-66
	android:name
		ADDED from [com.google.android.gms:play-services-basement:17.0.0] AndroidManifest.xml:24:13-58
provider#androidx.lifecycle.ProcessLifecycleOwnerInitializer
ADDED from [androidx.lifecycle:lifecycle-process:2.0.0] AndroidManifest.xml:23:9-27:43
	android:authorities
		ADDED from [androidx.lifecycle:lifecycle-process:2.0.0] AndroidManifest.xml:25:13-69
	android:multiprocess
		ADDED from [androidx.lifecycle:lifecycle-process:2.0.0] AndroidManifest.xml:27:13-40
	android:exported
		ADDED from [androidx.lifecycle:lifecycle-process:2.0.0] AndroidManifest.xml:26:13-37
	android:name
		ADDED from [androidx.lifecycle:lifecycle-process:2.0.0] AndroidManifest.xml:24:13-79